[    0.000000] Linux version 4.15.0-128-generic (buildd@lcy01-amd64-025) (gcc version 7.5.0 (Ubuntu 7.5.0-3ubuntu1~18.04)) #131-Ubuntu SMP Wed Dec 9 06:57:35 UTC 2020 (Ubuntu 4.15.0-128.131-generic 4.15.18)
[    0.000000] Command line: BOOT_IMAGE=/boot/vmlinuz-4.15.0-128-generic root=UUID=a582e8d1-b7a9-43c9-bc43-fd80e8102b06 ro console=tty1 console=ttyS0
[    0.000000] KERNEL supported cpus:
[    0.000000]   Intel GenuineIntel
[    0.000000]   AMD AuthenticAMD
[    0.000000]   Centaur CentaurHauls
[    0.000000] x86/fpu: Supporting XSAVE feature 0x001: 'x87 floating point registers'
[    0.000000] x86/fpu: Supporting XSAVE feature 0x002: 'SSE registers'
[    0.000000] x86/fpu: Supporting XSAVE feature 0x004: 'AVX registers'
[    0.000000] x86/fpu: xstate_offset[2]:  576, xstate_sizes[2]:  256
[    0.000000] x86/fpu: Enabled xstate features 0x7, context size is 832 bytes, using 'standard' format.
[    0.000000] e820: BIOS-provided physical RAM map:
[    0.000000] BIOS-e820: [mem 0x0000000000000000-0x000000000009fbff] usable
[    0.000000] BIOS-e820: [mem 0x000000000009fc00-0x000000000009ffff] reserved
[    0.000000] BIOS-e820: [mem 0x00000000000f0000-0x00000000000fffff] reserved
[    0.000000] BIOS-e820: [mem 0x0000000000100000-0x000000001ffeffff] usable
[    0.000000] BIOS-e820: [mem 0x000000001fff0000-0x000000001fffffff] ACPI data
[    0.000000] BIOS-e820: [mem 0x00000000fec00000-0x00000000fec00fff] reserved
[    0.000000] BIOS-e820: [mem 0x00000000fee00000-0x00000000fee00fff] reserved
[    0.000000] BIOS-e820: [mem 0x00000000fffc0000-0x00000000ffffffff] reserved
[    0.000000] NX (Execute Disable) protection: active
[    0.000000] SMBIOS 2.5 present.
[    0.000000] DMI: innotek GmbH VirtualBox/VirtualBox, BIOS VirtualBox 12/01/2006
[    0.000000] Hypervisor detected: KVM
[    0.000000] e820: last_pfn = 0x1fff0 max_arch_pfn = 0x400000000
[    0.000000] MTRR: Disabled
[    0.000000] x86/PAT: MTRRs disabled, skipping PAT initialization too.
[    0.000000] CPU MTRRs all blank - virtualized system.
[    0.000000] x86/PAT: Configuration [0-7]: WB  WT  UC- UC  WB  WT  UC- UC  
[    0.000000] found SMP MP-table at [mem 0x0009fff0-0x0009ffff]
[    0.000000] Scanning 1 areas for low memory corruption
[    0.000000] RAMDISK: [mem 0x1da97000-0x1ede4fff]
[    0.000000] ACPI: Early table checksum verification disabled
[    0.000000] ACPI: RSDP 0x00000000000E0000 000024 (v02 VBOX  )
[    0.000000] ACPI: XSDT 0x000000001FFF0030 00003C (v01 VBOX   VBOXXSDT 00000001 ASL  00000061)
[    0.000000] ACPI: FACP 0x000000001FFF00F0 0000F4 (v04 VBOX   VBOXFACP 00000001 ASL  00000061)
[    0.000000] ACPI: DSDT 0x000000001FFF0470 0021FF (v02 VBOX   VBOXBIOS 00000002 INTL 20180105)
[    0.000000] ACPI: FACS 0x000000001FFF0200 000040
[    0.000000] ACPI: FACS 0x000000001FFF0200 000040
[    0.000000] ACPI: APIC 0x000000001FFF0240 000054 (v02 VBOX   VBOXAPIC 00000001 ASL  00000061)
[    0.000000] ACPI: SSDT 0x000000001FFF02A0 0001CC (v01 VBOX   VBOXCPUT 00000002 INTL 20180105)
[    0.000000] No NUMA configuration found
[    0.000000] Faking a node at [mem 0x0000000000000000-0x000000001ffeffff]
[    0.000000] NODE_DATA(0) allocated [mem 0x1ffc5000-0x1ffeffff]
[    0.000000] kvm-clock: cpu 0, msr 0:1ff44001, primary cpu clock
[    0.000000] kvm-clock: Using msrs 4b564d01 and 4b564d00
[    0.000000] kvm-clock: using sched offset of 5474283365 cycles
[    0.000000] clocksource: kvm-clock: mask: 0xffffffffffffffff max_cycles: 0x1cd42e4dffb, max_idle_ns: 881590591483 ns
[    0.000000] Zone ranges:
[    0.000000]   DMA      [mem 0x0000000000001000-0x0000000000ffffff]
[    0.000000]   DMA32    [mem 0x0000000001000000-0x000000001ffeffff]
[    0.000000]   Normal   empty
[    0.000000]   Device   empty
[    0.000000] Movable zone start for each node
[    0.000000] Early memory node ranges
[    0.000000]   node   0: [mem 0x0000000000001000-0x000000000009efff]
[    0.000000]   node   0: [mem xx0000000000100000-0x000000001ffeffff]
[    0.000000] Reserved but unavailable: 98 pages
[    0.000000] Initmem setup node 0 [mem 0x0000000000001000-0x000000001ffeffff]
[    0.000000] ACPI: PM-Timer IO Port: 0x4008
[    0.000000] IOAPIC[0]: apic_id 1, version 32, address 0xfec00000, GSI 0-23
[    0.000000] ACPI: INT_SRC_OVR (bus 0 bus_irq 0 global_irq 2 dfl dfl)
[    0.000000] ACPI: INT_SRC_OVR (bus 0 bus_irq 9 global_irq 9 low level)
[    0.000000] Using ACPI (MADT) for SMP configuration information
[    0.000000] smpboot: Allowing 1 CPUs, 0 hotplug CPUs
[    0.000000] PM: Registered nosave memory: [mem 0x00000000-0x00000fff]
[    0.000000] PM: Registered nosave memory: [mem 0x0009f000-0x0009ffff]
[    0.000000] PM: Registered nosave memory: [mem 0x000a0000-0x000effff]
[    0.000000] PM: Registered nosave memory: [mem 0x000f0000-0x000fffff]
[    0.000000] e820: [mem 0x20000000-0xfebfffff] available for PCI devices
[    0.000000] Booting paravirtualized kernel on KVM
[    0.000000] clocksource: refined-jiffies: mask: 0xffffffff max_cycles: 0xffffffff, max_idle_ns: 7645519600211568 ns
[    0.000000] random: get_random_bytes called from start_kernel+0x99/0x500 with crng_init=0
[    0.000000] setup_percpu: NR_CPUS:8192 nr_cpumask_bits:1 nr_cpu_ids:1 nr_node_ids:1
[    0.000000] percpu: Embedded 45 pages/cpu s147456 r8192 d28672 u2097152
[    0.000000] PV qspinlock hash table entries: 256 (order: 0, 4096 bytes)
[    0.000000] Built 1 zonelists, mobility grouping on.  Total pages: 128889
[    0.000000] Policy zone: DMA32
[    0.000000] Kernel command line: BOOT_IMAGE=/boot/vmlinuz-4.15.0-128-generic root=UUID=a582e8d1-b7a9-43c9-bc43-fd80e8102b06 ro console=tty1 console=ttyS0
[    0.000000] Memory: 466552K/523832K available (12300K kernel code, 2492K rwdata, 4264K rodata, 2440K init, 2724K bss, 57280K reserved, 0K cma-reserved)
[    0.000000] SLUB: HWalign=64, Order=0-3, MinObjects=0, CPUs=1, Nodes=1
[    0.000000] Kernel/User page tables isolation: enabled
[    0.000000] ftrace: allocating 39406 entries in 154 pages
[    0.004000] Hierarchical RCU implementation.
[    0.004000] 	RCU restricting CPUs from NR_CPUS=8192 to nr_cpu_ids=1.
[    0.004000] 	Tasks RCU enabled.
[    0.004000] RCU: Adjusting geometry for rcu_fanout_leaf=16, nr_cpu_ids=1
[    0.004000] NR_IRQS: 524544, nr_irqs: 256, preallocated irqs: 16
[    0.004000] Console: colour VGA+ 80x25
[    0.004000] console [tty1] enabled
[    0.004000] console [ttyS0] enabled
[    0.004000] ACPI: Core revision 20170831
[    0.004000] ACPI: 2 ACPI AML tables successfully acquired and loaded
[    0.004000] APIC: Switch to symmetric I/O mode setup
[    0.004000] x2apic enabled
[    0.004000] Switched APIC routing to physical x2apic.
[    0.005127] ..TIMER: vector=0x30 apic1=0 pin1=2 apic2=-1 pin2=-1
[    0.008015] tsc: Detected 2494.220 MHz processor
[    0.012018] Calibrating delay loop (skipped) preset value.. 4988.44 BogoMIPS (lpj=9976880)
[    0.016003] pid_max: default: 32768 minimum: 301
[    0.017024] Security Framework initialized
[    0.017943] Yama: becoming mindful.
[    0.018718] AppArmor: AppArmor initialized
[    0.020105] Dentry cache hash table entries: 65536 (order: 7, 524288 bytes)
[    0.024046] Inode-cache hash table entries: 32768 (order: 6, 262144 bytes)
[    0.028015] Mount-cache hash table entries: 1024 (order: 1, 8192 bytes)
[    0.029129] Mountpoint-cache hash table entries: 1024 (order: 1, 8192 bytes)
[    0.030800] process: using mwait in idle threads
[    0.032028] Last level iTLB entries: 4KB 1024, 2MB 1024, 4MB 1024
[    0.036004] Last level dTLB entries: 4KB 1024, 2MB 1024, 4MB 1024, 1GB 4
[    0.040007] Spectre V1 : Mitigation: usercopy/swapgs barriers and __user pointer sanitization
[    0.044003] Spectre V2 : Mitigation: Full generic retpoline
[    0.048003] Spectre V2 : Spectre v2 / SpectreRSB mitigation: Filling RSB on context switch
[    0.052008] Speculative Store Bypass: Vulnerable
[    0.053226] SRBDS: Unknown: Dependent on hypervisor status
[    0.056006] MDS: Mitigation: Clear CPU buffers
[    0.076580] Freeing SMP alternatives memory: 36K
[    0.155834] smpboot: CPU0: Intel(R) Core(TM) i5-4300U CPU @ 1.90GHz (family: 0x6, model: 0x45, stepping: 0x1)
[    0.156000] Performance Events: unsupported p6 CPU model 69 no PMU driver, software events only.
[    0.156000] Hierarchical SRCU implementation.
[    0.156758] NMI watchdog: Perf event create on CPU 0 failed with -2
[    0.160002] NMI watchdog: Perf NMI watchdog permanently disabled
[    0.161228] smp: Bringing up secondary CPUs ...
[    0.162137] smp: Brought up 1 node, 1 CPU
[    0.162964] smpboot: Max logical packages: 1
[    0.164003] smpboot: Total of 1 processors activated (4988.44 BogoMIPS)
[    0.165419] devtmpfs: initialized
[    0.166200] x86/mm: Memory block size: 128MB
[    0.167191] evm: security.selinux
[    0.168005] evm: security.SMACK64
[    0.168727] evm: security.SMACK64EXEC
[    0.169524] evm: security.SMACK64TRANSMUTE
[    0.170374] evm: security.SMACK64MMAP
[    0.171136] evm: security.apparmor
[    0.172034] evm: security.ima
[    0.176006] evm: security.capability
[    0.180147] clocksource: jiffies: mask: 0xffffffff max_cycles: 0xffffffff, max_idle_ns: 7645041785100000 ns
[    0.184037] futex hash table entries: 256 (order: 2, 16384 bytes)
[    0.188067] pinctrl core: initialized pinctrl subsystem
[    0.189100] RTC time: 19:48:44, date: 01/02/21
[    0.192099] NET: Registered protocol family 16
[    0.196096] audit: initializing netlink subsys (disabled)
[    0.197233] cpuidle: using governor ladder
[    0.200005] cpuidle: using governor menu
[    0.204029] audit: type=2000 audit(1609616929.070:1): state=initialized audit_enabled=0 res=1
[    0.208062] ACPI: bus type PCI registered
[    0.208913] acpiphp: ACPI Hot Plug PCI Controller Driver version: 0.5
[    0.212118] PCI: Using configuration type 1 for base access
[    0.214249] HugeTLB registered 2.00 MiB page size, pre-allocated 0 pages
[    0.216325] ACPI: Added _OSI(Module Device)
[    0.220006] ACPI: Added _OSI(Processor Device)
[    0.220800] ACPI: Added _OSI(3.0 _SCP Extensions)
[    0.221619] ACPI: Added _OSI(Processor Aggregator Device)
[    0.224012] ACPI: Added _OSI(Linux-Dell-Video)
[    0.228026] ACPI: Added _OSI(Linux-Lenovo-NV-HDMI-Audio)
[    0.232015] ACPI: Added _OSI(Linux-HPI-Hybrid-Graphics)
[    0.244220] ACPI: Executed 1 blocks of module-level executable AML code
[    0.257566] ACPI: Interpreter enabled
[    0.260025] ACPI: (supports S0 S5)
[    0.260665] ACPI: Using IOAPIC for interrupt routing
[    0.261783] PCI: Using host bridge windows from ACPI; if necessary, use "pci=nocrs" and report a bug
[    0.264211] ACPI: Enabled 2 GPEs in block 00 to 07
[    0.272755] ACPI: PCI Root Bridge [PCI0] (domain 0000 [bus 00-ff])
[    0.276021] acpi PNP0A03:00: _OSC: OS supports [ASPM ClockPM Segments MSI]
[    0.277248] acpi PNP0A03:00: _OSC: not requesting OS control; OS requires [ExtendedConfig ASPM ClockPM MSI]
[    0.278924] acpi PNP0A03:00: fail to add MMCONFIG information, can't access extended PCI configuration space under this bridge.
[    0.284040] PCI host bridge to bus 0000:00
[    0.288009] pci_bus 0000:00: root bus resource [io  0x0000-0x0cf7 window]
[    0.292014] pci_bus 0000:00: root bus resource [io  0x0d00-0xffff window]
[    0.296004] pci_bus 0000:00: root bus resource [mem 0x000a0000-0x000bffff window]
[    0.300018] pci_bus 0000:00: root bus resource [mem 0x20000000-0xfdffffff window]
[    0.304007] pci_bus 0000:00: root bus resource [bus 00-ff]
[    0.311240] pci 0000:00:01.1: legacy IDE quirk: reg 0x10: [io  0x01f0-0x01f7]
[    0.312008] pci 0000:00:01.1: legacy IDE quirk: reg 0x14: [io  0x03f6]
[    0.316024] pci 0000:00:01.1: legacy IDE quirk: reg 0x18: [io  0x0170-0x0177]
[    0.320006] pci 0000:00:01.1: legacy IDE quirk: reg 0x1c: [io  0x0376]
[    0.335470] pci 0000:00:07.0: quirk: [io  0x4000-0x403f] claimed by PIIX4 ACPI
[    0.336097] pci 0000:00:07.0: quirk: [io  0x4100-0x410f] claimed by PIIX4 SMB
[    0.351867] ACPI: PCI Interrupt Link [LNKA] (IRQs 5 9 10 *11)
[    0.352305] ACPI: PCI Interrupt Link [LNKB] (IRQs 5 9 *10 11)
[    0.353545] ACPI: PCI Interrupt Link [LNKC] (IRQs 5 *9 10 11)
[    0.354818] ACPI: PCI Interrupt Link [LNKD] (IRQs 5 9 10 *11)
[    0.356398] SCSI subsystem initialized
[    0.357375] pci 0000:00:02.0: vgaarb: setting as boot VGA device
[    0.358585] pci 0000:00:02.0: vgaarb: VGA device added: decodes=io+mem,owns=io+mem,locks=none
[    0.360005] pci 0000:00:02.0: vgaarb: bridge control possible
[    0.361183] vgaarb: loaded
[    0.364156] ACPI: bus type USB registered
[    0.368074] usbcore: registered new interface driver usbfs
[    0.372032] usbcore: registered new interface driver hub
[    0.376054] usbcore: registered new device driver usb
[    0.377982] EDAC MC: Ver: 3.0.0
[    0.379020] PCI: Using ACPI for IRQ routing
[    0.380260] NetLabel: Initializing
[    0.380994] NetLabel:  domain hash size = 128
[    0.381908] NetLabel:  protocols = UNLABELED CIPSOv4 CALIPSO
[    0.384032] NetLabel:  unlabeled traffic allowed by default
[    0.385305] clocksource: Switched to clocksource kvm-clock
[    0.396351] VFS: Disk quotas dquot_6.6.0
[    0.468735] VFS: Dquot-cache hash table entries: 512 (order 0, 4096 bytes)
[    0.473269] AppArmor: AppArmor Filesystem Enabled
[    0.475490] pnp: PnP ACPI init
[    0.477326] pnp: PnP ACPI: found 3 devices
[    0.483573] clocksource: acpi_pm: mask: 0xffffff max_cycles: 0xffffff, max_idle_ns: 2085701024 ns
[    0.485511] NET: Registered protocol family 2
[    0.486623] TCP established hash table entries: 4096 (order: 3, 32768 bytes)
[    0.488025] TCP bind hash table entries: 4096 (order: 4, 65536 bytes)
[    0.489338] TCP: Hash tables configured (established 4096 bind 4096)
[    0.511322] UDP hash table entries: 256 (order: 1, 8192 bytes)
[    0.581142] UDP-Lite hash table entries: 256 (order: 1, 8192 bytes)
[    0.582251] NET: Registered protocol family 1
[    0.583047] pci 0000:00:00.0: Limiting direct PCI/PCI transfers
[    0.584130] pci 0000:00:01.0: Activating ISA DMA hang workarounds
[    0.585239] pci 0000:00:02.0: Video device with saadowed ROM at [mem 0x000c0000-0x000dffff]
[    0.810516] Unpacking initramfs...
[    1.521702] Freeing initrd memory: 19768K
[    1.530826] clocksource: tsc: mask: 0xffffffffffffffff max_cycles: 0x23f3e58916c, max_idle_ns: 440795226006 ns
[    1.532583] platform rtc_cmos: registered platform RTC device (no PNP device found)
[    1.533925] Scanning for low memory corruption every 60 seconds
[    1.535470] Initialise system trusted keyrings
[    1.611108] Key type blacklist registered
[    1.735679] workingset: timestamp_bits=36 max_order=17 bucket_order=0
[    1.821897] zbud: loaded
[    1.860645] squashfs: version 4.0 (2009/01/31) Phillip Lougher
[    1.923955] fuse init (API version 7.26)
[    1.926006] Key type asymmetric registered
[    1.926766] Asymmetric key parser 'x509' registered
[    1.927656] Block layer SCSI generic (bsg) driver version 0.4 loaded (major 246)
[    1.929009] io scheduler noop registered
[    1.929720] io scheduler deadline registered
[    1.930518] io scheduler cfq registered (default)
[    1.931613] ACPI: AC Adapter [AC] (on-line)
[    2.050361] input: Power Button as /devices/LNXSYSTM:00/LNXPWRBN:00/input/input0
[    2.071434] ACPI: Power Button [PWRF]
[    2.072234] input: Sleep Button as /devices/LNXSYSTM:00/LNXSLPBN:00/input/input1
[    2.073599] ACPI: Sleep Button [SLPF]
[    2.075261] ACPI: Battery Slot [BAT0] (battery present)
[    2.076146] Serial: 8250/16550 driver, 32 ports, IRQ sharing enabled
[    2.257715] 00:02: ttyS0 at I/O 0x3f8 (irq = 4, base_baud = 115200) is a 16550A
[    2.455807] Linux agpgart interface v0.103
[    2.458100] loop: module loaded
[    2.459189] scsi host0: ata_piix
[    2.459874] scsi host1: ata_piix
[    2.470452] ata1: PATA max UDMA/33 cmd 0x1f0 ctl 0x3f6 bmdma 0xd000 irq 14
[    2.547493] ata2: PATA max UDMA/33 cmd 0x170 ctl 0x376 bmdma 0xd008 irq 15
[    2.552771] libphy: Fixed MDIO Bus: probed
[    2.570463] tun: Universal TUN/TAP device driver, 1.6
[    2.571589] PPP generic driver version 2.4.2
[    2.572591] ehci_hcd: USB 2.0 'Enhanced' Host Controller (EHCI) Driver
[    2.573915] ehci-pci: EHCI PCI platform driver
[    2.574872] ehci-platform: EHCI generic platform driver
[    2.661212] ohci_hcd: USB 1.1 'Open' Host Controller (OHCI) Driver
[    2.663345] ohci-pci: OHCI PCI platform driver
[    2.666647] ohci-platform: OHCI generic platform driver
[    2.669693] uhci_hcd: USB Universal Host Controller Interface driver
[    2.671495] i8042: PNP: PS/2 Controller [PNP0303:PS2K,PNP0f03:PS2M] at 0x60,0x64 irq 1,12
[    2.673374] serio: i8042 KBD port at 0x60,0x64 irq 1
[    2.674284] serio: i8042 AUX port at 0x60,0x64 irq 12
[    2.675253] mousedev: PS/2 mouse device common for all mice
[    2.676464] input: AT Translated Set 2 keyboard as /devices/platform/i8042/serio0/input/input2
[    2.678297] rtc_cmos rtc_cmos: rtc core: registered rtc_cmos as rtc0
[    2.971764] rtc_cmos rtc_cmos: alarms up to one day, 114 bytes nvram
[    3.076794] i2c /dev entries driver
[    3.078205] device-mapper: uevent: version 1.0.3
[    3.080369] device-mapper: ioctl: 4.37.0-ioctl (2017-09-20) initialised: dm-devel@redhat.com
[    3.084084] ledtrig-cpu: registered to indicate activity on CPUs
[    3.086744] NET: Registered protocol family 10
[    3.090786] Segment Routing with IPv6
[    3.177919] NET: Registered protocol family 17
[    3.179795] Key type dns_resolver registered
[    3.181354] mce: Using 0 MCE banks
[    3.182225] RAS: Correctable Errors collector initialized.
[    3.185751] sched_clock: Marking stable (3185686868, 0)->(6835593421, -3649906553)
[    3.191286] registered taskstats version 1
[    3.192214] Loading compiled-in X.509 certificates
[    3.195985] Loaded X.509 cert 'Build time autogenerated kernel key: a4ed3776674b1fc76878248053bb1a15dcee1c82'
[    3.198314] zswap: loaded using pool lzo/zbud
[    3.204042] Key type big_key registered
[    3.205020] Key type trusted registered
[    3.225962] Key type encrypted registered
[    3.278149] AppArmor: AppArmor sha1 policy hashing enabled
[    3.281010] ima: No TPM chip found, activating TPM-bypass! (rc=-19)
[    3.282086] ima: Allocated hash algorithm: sha1
[    3.282907] evm: HMAC attrs: 0x1
[    3.285885]   Magic number: 5:920:848
[    3.286718]  index0: hash matches
[    3.287543] rtc_cmos rtc_cmos: setting system clock to 2021-01-02 19:48:48 UTC (1609616928)
[    3.289439] BIOS EDD facility v0.16 2004-Jun-25, 0 devices found
[    3.295144] EDD information not available.
[    3.313495] Freeing unused kernel image memory: 2440K
[    3.416108] Write protecting the kernel read-only data: 20480k
[    3.510947] Freeing unused kernel image memory: 2008K
[    3.701156] Freeing unused kernel image memory: 1880K
[    3.714013] x86/mm: Checked W+X mappings: passed, no W+X pages found.
[    3.715666] x86/mm: Checking user space page tables
[    3.837016] x86/mm: Checked W+X mappings: passed, no W+X pages found.
Loading, please wait...
starting version 237
[    4.352676] e1000: Intel(R) PRO/1000 Network Driver - version 7.3.21-k8-NAPI
[    4.361945] e1000: Copyright (c) 1999-2006 Intel Corporation.
[    4.371337] Fusion MPT base driver 3.04.20
[    4.433515] Copyright (c) 1999-2008 LSI Corporation
[    4.558064] AVX2 version of gcm_enc/dec engaged.
[    4.760475] AES CTR mode by8 optimization enabled
[    4.763434] input: ImExPS/2 Generic Explorer Mouse as /devices/platform/i8042/serio1/input/input4
[    4.977092] vboxvideo: loading out-of-tree module taints kernel.
[    5.165497] vboxvideo: module verification failed: signature and/or required key missing - tainting kernel
[    5.179661] Fusion MPT SPI Host driver 3.04.20
[    5.935072] e1000 0000:00:03.0 eth0: (PCI:33MHz:32-bit) 02:60:71:1d:34:36
[    5.936529] e1000 0000:00:03.0 eth0: Intel(R) PRO/1000 Network Connection
[    5.938544] [drm] VRAM 01000000
[    5.939402] [TTM] Zone  kernel: Available graphics memory: 246342 kiB
[    6.100279] [TTM] Initializing pool allocator
[    6.130555] [TTM] Initializing DMA pool allocator
[    6.202729] fbcon: vboxdrmfb (fb0) is primary device
[    6.204620] Console: switching to colour frame buffer device 100x37
[    6.294121] vboxvideo 0000:00:02.0: fb0: vboxdrmfb frame buffer device
[    6.296634] [drm] Initialized vboxvideo 1.0.0 20130823 for 0000:00:02.0 on minor 0
[    6.302053] mptbase: ioc0: Initiating bringup
[    6.396814] ioc0: LSI53C1030 A0: Capabilities={Initiator}
[    6.649593] scsi host2: ioc0: LSI53C1030 A0, FwRev=00000000h, Ports=1, MaxQ=256, IRQ=20
[    6.820949] scsi 2:0:0:0: Direct-Access     VBOX     HARDDISK         1.0  PQ: 0 ANSI: 5
[    6.951686] scsi target2:0:0: Beginning Domain Validation
[    6.953503] scsi target2:0:0: Domain Validation skipping write tests
[    6.954649] scsi target2:0:0: Ending Domain Validation
[    6.955572] scsi target2:0:0: asynchronous
[    6.956519] random: fast init done
[    6.957627] scsi 2:0:1:0: Direct-Access     VBOX     HARDDISK         1.0  PQ: 0 ANSI: 5
[    6.959176] scsi target2:0:1: Beginning Domain Validation
[    7.040324] scsi target2:0:1: Domain Validation skipping write tests
[    7.270412] scsi target2:0:1: Ending Domain Validation
[    7.458944] scsi target2:0:1: asynchronous
[    7.896630] sd 2:0:0:0: Attached scsi generic sg0 type 0
[    8.010694] sd 2:0:0:0: [sda] 20971520 512-byte logical blocks: (10.7 GB/10.0 GiB)
[    8.385600] random: systemd-udevd: uninitialized urandom read (16 bytes read)
[    8.394437] random: systemd-udevd: uninitialized urandom read (16 bytes read)
[    8.401786] random: systemd-udevd: uninitialized urandom read (16 bytes read)
[    8.507733] sd 2:0:1:0: Attached scsi generic sg1 type 0
[    8.700876] sd 2:0:1:0: [sdb] 20480 512-byte logical blocks: (10.5 MB/10.0 MiB)
[    8.702318] sd 2:0:1:0: [sdb] Write Protect is off
[    8.703368] sd 2:0:1:0: [sdb] Incomplete mode parameter data
[    8.720926] sd 2:0:1:0: [sdb] Assuming drive cache: write through
[    8.817147] sd 2:0:1:0: [sdb] Attached SCSI disk
[    8.908565] sd 2:0:0:0: [sda] Write Protect is off
[    8.916874] sd 2:0:0:0: [sda] Incomplete mode parameter data
[    8.918144] sd 2:0:0:0: [sda] Assuming drive cache: write through
[    9.012765]  sda: sda1
[    9.014794] sd 2:0:0:0: [sda] Attached SCSI disk
[    9.038563] e1000 0000:00:08.0 eth1: (PCI:33MHz:32-bit) 08:00:27:c9:c1:7e
[    9.112551] e1000 0000:00:08.0 eth1: Intel(R) PRO/1000 Network Connection
[    9.122590] e1000 0000:00:08.0 enp0s8: renamed from eth1
[    9.146682] e1000 0000:00:03.0 enp0s3: renamed from eth0
Begin: Loading essential drivers ... [    9.524866] raid6: sse2x1   gen()  2737 MB/s
[    9.626052] raid6: sse2x1   xor()  7197 MB/s
[    9.731292] raid6: sse2x2   gen() 10304 MB/s
[    9.835982] raid6: sse2x2   xor()  7705 MB/s
[    9.937588] raid6: sse2x4   gen()  9387 MB/s
[   10.041197] raid6: sse2x4   xor()  7095 MB/s
[   10.146156] raid6: avx2x1   gen()  8283 MB/s
[   10.251565] raid6: avx2x1   xor() 10886 MB/s
[   10.300022] raid6: avx2x2   gen() 16801 MB/s
[   10.561195] raid6: avx2x2   xor()  8883 MB/s
[   10.666130] raid6: avx2x4   gen() 10752 MB/s
[   10.771344] raid6: avx2x4   xor() 13122 MB/s
[   10.877967] raid6: using algorithm avx2x2 gen() 16801 MB/s
[   10.881142] raid6: .... xor() 8883 MB/s, rmw enabled
[   10.883527] raid6: using avx2x2 recovery algorithm
[   10.886779] xor: automatically using best checksumming function   avx       
[   10.890239] async_tx: api initialized (async)
done.
Begin: Running /scripts/init-premount ... done.
Begin: Mounting root file system ... Begin: Running /scripts/local-top ... done.
Begin: Running /scripts/local-premount ... [   11.015534] Btrfs loaded, crc32c=crc32c-intel
Scanning for Btrfs filesystems
done.
Warning: fsck not present, so skipping root file system
[   11.205416] EXT4-fs (sda1): mounted filesystem with ordered data mode. Opts: (null)
done.
Begin: Running /scripts/local-bottom ... done.
Begin: Running /scripts/init-bottom ... done.
[   11.575754] ip_tables: (C) 2000-2006 Netfilter Core Team
[   11.608741] systemd[1]: systemd 237 running in system mode. (+PAM +AUDIT +SELINUX +IMA +APPARMOR +SMACK +SYSVINIT +UTMP +LIBCRYPTSETUP +GCRYPT +GNUTLS +ACL +XZ +LZ4 +SECCOMP +BLKID +ELFUTILS +KMOD -IDN2 +IDN -PCRE2 default-hierarchy=hybrid)
[   11.699527] systemd[1]: Detected virtualization oracle.
[   11.731082] systemd[1]: Detected architecture x86-64.

Welcome to [1mUbuntu 18.04.5 LTS[0m!

[   11.735842] systemd[1]: Set hostname to <ubuntu-bionic>.
[   12.244982] systemd[1]: Started Forward Password Requests to Wall Directory Watch.
[[0;32m  OK  [0m] Started Forward Password Requests to Wall Directory Watch.
[   12.669886] systemd[1]: Set up automount Arbitrary Executable File Formats File System Automount Point.
[[0;32m  OK  [0m] Set up automount Arbitrary Executab…rmats File System Automount Point.
[   12.980405] systemd[1]: Reached target User and Group Name Lookups.
[[0;32m  OK  [0m] Reached target User and Group Name Lookups.
[   13.003348] systemd[1]: Created slice System Slice.
[[0;32m  OK  [0m] Created slice System Slice.
[   13.005858] systemd[1]: Listening on Syslog Socket.
[[0;32m  OK  [0m] Listening on Syslog Socket.
[   13.008226] systemd[1]: Listening on udev Control Socket.
[[0;32m  OK  [0m] Listening on udev Control Socket.
[[0;32m  OK  [0m] Listening on Journal Socket (/dev/log).
[[0;32m  OK  [0m] Listening on udev Kernel Socket.
[[0;32m  OK  [0m] Listening on LVM2 poll daemon socket.
[[0;32m  OK  [0m] Listening on Device-mapper event daemon FIFOs.
[[0;32m  OK  [0m] Listening on Journal Socket.
         Starting Remount Root and Kernel File Systems...
         Starting Set the console keyboard layout...
         Starting Load Kernel Modules...
         Starting Uncomplicated firewall...
         Mounting POSIX Message Queue File System...
[   13.076209] EXT4-fs (sda1): re-mounted. Opts: (null)
         Mounting Huge Pages File System...
         Starting udev Coldplug all Devices...
[[0;32m  OK  [0m] Created slice system-serial\x2dgetty.slice.
         Mounting Kernel Debug File System...
[[0;32m  OK  [0m] Listening on Network Service Netlink Socket.
[   13.344113] Loading iSCSI transport class v2.0-870.
[   13.360341] iscsi: registered transport (tcp)
[[0;32m  OK  [0m] Created slice User and Session Slice.
[[0;32m  OK  [0m] Reached target Slices.
[[0;32m  OK  [0m] Reached target System Time Synchronized.
[[0;32m  OK  [0m] Listening on /dev/initctl Compatibility Named Pipe.
[[0;32m  OK  [0m] Listening on LVM2 metadata daemon socket.
         Starting Monitoring of LVM2 mirrors…ng dmeventd or progress polling...
[[0;32m  OK  [0m] Reached target Swap.
         Starting Create list of required st…ce nodes for the current kernel...
[[0;32m  OK  [0m] Listening on Journal Audit Socket.
         Starting Journal Service...
[[0;32m  OK  [0m] Started Remount Root and Kernel File Systems.
[[0;32m  OK  [0m] Started Uncomplicated firewall.
[[0;32m  OK  [0m] Mounted POSIX Message Queue File System.
[[0;32m  OK  [0m] Mounted Huge Pages File System.
[[0;32m  OK  [0m] Mounted Kernel Debug File System.
[[0;32m  OK  [0m] Started LVM2 metadata daemon.
         Starting Load/Save Random Seed...
[[0;32m  OK  [0m] Started Create list of required sta…vice nodes for the current kernel.
[[0;32m  OK  [0m] Started udev Coldplug all Devices.
[[0;32m  OK  [0m] Started Journal Service.
         Starting Flush Journal to Persistent Storage...
[   13.766303] random: crng init done
[   13.769700] random: 7 urandom warning(s) missed due to ratelimiting
         Starting Create Static Device Nodes in /dev...
[   13.993601] iscsi: registered transport (iser)
[[0;32m  OK  [0m] Started Load/Save Random Seed.
[[0;32m  OK  [0m] Started Load Kernel Modules.
         Mounting FUSE Control File System...
         Mounting Kernel Configuration File System...
         Starting Apply Kernel Variables...
[[0;32m  OK  [0m] Started Monitoring of LVM2 mirrors,…sing dmeventd or progress polling.
[[0;32m  OK  [0m] Mounted FUSE Control File System.
[[0;32m  OK  [0m] Mounted Kernel Configuration File System.
[[0;32m  OK  [0m] Started Create Static Device Nodes in /dev.
[[0;32m  OK  [0m] Started Apply Kernel Variables.
         Starting udev Kernel Device Manager...
[[0;32m  OK  [0m] Started udev Kernel Device Manager.
[[0;32m  OK  [0m] Started Flush Journal to Persistent Storage.
[[0;32m  OK  [0m] Found device /dev/ttyS0.
[[0;32m  OK  [0m] Listening on Load/Save RF Kill Switch Status /dev/rfkill Watch.
[[0;32m  OK  [0m] Started Set the console keyboard layout.
[[0;32m  OK  [0m] Started Dispatch Password Requests to Console Directory Watch.
[[0;32m  OK  [0m] Reached target Local Encrypted Volumes.
[[0;32m  OK  [0m] Reached target Local File Systems (Pre).
         Mounting /vagrant...
[[0;32m  OK  [0m] Reached target Local File Systems.
         Starting Tell Plymouth To Write Out Runtime Data...
         Starting Set console font and keymap...
         Starting ebtables ruleset management...
         Starting netfilter persistent configuration...
         Starting AppArmor initialization...
         Starting Create Volatile Files and Directories...
[[0;32m  OK  [0m] Started Tell Plymouth To Write Out Runtime Data.
[[0;32m  OK  [0m] Started Set console font and keymap.
[[0;32m  OK  [0m] Started Create Volatile Files and Directories.
         Starting Update UTMP about System Boot/Shutdown...
[[0;32m  OK  [0m] Mounted /vagrant.
[[0;32m  OK  [0m] Started Update UTMP about System Boot/Shutdown.
[[0;32m  OK  [0m] Started ebtables ruleset management.
[[0;32m  OK  [0m] Started netfilter persistent configuration.
[[0;32m  OK  [0m] Started AppArmor initialization.
         Starting Load AppArmor profiles managed internally by snapd...
         Starting Initial cloud-init job (pre-networking)...
[[0;32m  OK  [0m] Started Load AppArmor profiles managed internally by snapd.
[   29.243362] cloud-init[696]: Cloud-init v. 20.3-2-g371b392c-0ubuntu1~18.04.1 running 'init-local' at Sat, 02 Jan 2021 19:49:14 +0000. Up 28.82 seconds.
[[0;32m  OK  [0m] Started Initial cloud-init job (pre-networking).
[[0;32m  OK  [0m] Reached target Network (Pre).
         Starting Network Service...
[[0;32m  OK  [0m] Started Network Service.
         Starting Wait for Network to be Configured...
         Starting Network Name Resolution...
[[0;32m  OK  [0m] Started Network Name Resolution.
[[0;32m  OK  [0m] Reached target Network.
[[0;32m  OK  [0m] Reached target Host and Network Name Lookups.
[[0;32m  OK  [0m] Started Wait for Network to be Configured.
         Starting Initial cloud-init job (metadata service crawler)...
[   32.048245] cloud-init[805]: Cloud-init v. 20.3-2-g371b392c-0ubuntu1~18.04.1 running 'init' at Sat, 02 Jan 2021 19:49:16 +0000. Up 31.72 seconds.
[   32.115448] cloud-init[805]: ci-info: ++++++++++++++++++++++++++++++++++++++Net device info+++++++++++++++++++++++++++++++++++++++
[   32.132773] cloud-init[805]: ci-info: +--------+-------+----------------------------+---------------+--------+-------------------+
[   32.135292] cloud-init[805]: ci-info: | Device |   Up  |          Address           |      Mask     | Scope  |     Hw-Address    |
[   32.138233] cloud-init[805]: ci-info: +--------+-------+----------------------------+---------------+--------+-------------------+
[   32.142609] cloud-init[805]: ci-info: | enp0s3 |  True |       192.168.122.15       | 255.255.255.0 | global | 02:60:71:1d:34:36 |
[   32.148323] cloud-init[805]: ci-info: | enp0s3 |  True | fe80::60:71ff:fe1d:3436/64 |       .       |  link  | 02:60:71:1d:34:36 |
[   32.245066] cloud-init[805]: ci-info: | enp0s8 | False |             .              |       .       |   .    | 08:00:27:c9:c1:7e |
[   32.256606] cloud-init[805]: ci-info: |   lo   |  True |         127.0.0.1          |   255.0.0.0   |  host  |         .         |
[   32.258870] cloud-init[805]: ci-info: |   lo   |  True |          ::1/128           |       .       |  host  |         .         |
[   32.336291] cloud-init[805]: ci-info: +--------+-------+----------------------------+---------------+--------+-------------------+
[   32.360720] cloud-init[805]: ci-info: ++++++++++++++++++++++++++++++++Route IPv4 info++++++++++++++++++++++++++++++++
[   32.363214] cloud-init[805]: ci-info: +-------+---------------+---------------+-----------------+-----------+-------+
[   32.368750] cloud-init[805]: ci-info: | Route |  Destination  |    Gateway    |     Genmask     | Interface | Flags |
[   32.550009] cloud-init[805]: ci-info: +-------+---------------+---------------+-----------------+-----------+-------+
[[0;32m  OK  [0m] Started Initial cloud-init job (metadata service crawler).
[[0;32m  OK  [0m] Reached target Cloud-config availability.
[[0;32m  OK  [0m] Reached target Network is Online.
[   32.621088] cloud-init[805]: ci-info: |   0   |    0.0.0.0    | 192.168.122.2 |     0.0.0.0     |   enp0s3  |   UG  |
         Starting Availability of block devices...
[[0;32m  OK  [0m] Reached target Remote File Systems (Pre).
[   32.739674] [[0;32m  OK  [0m] cloud-init[805]: ci-info: |   1   | 192.168.122.0 |    0.0.0.0    |  255.255.255.0  |   enp0s3  |   U   |
[   32.776465] cloud-init[805]: ci-info: |   2   | 192.168.122.2 |    0.0.0.0    | 255.255.255.255 |   enp0s3  |   UH  |
[   32.776551] cloud-init[805]: ci-info: +-------+---------------+---------------+-----------------+-----------+-------+
[   32.776629] cloud-init[805]: ci-info: +++++++++++++++++++Route IPv6 info+++++++++++++++++++
[   32.776726] cloud-init[805]: ci-info: +-------+-------------+---------+-----------+-------+
[   32.776805] cloud-init[805]: ci-info: | Route | Destination | Gateway | Interface | Flags |
[   32.777390] cloud-init[805]: ci-info: +-------+-------------+---------+-----------+-------+
[   32.777473] cloud-init[805]: ci-info: |   1   |  fe80::/64  |    ::   |   enp0s3  |   U   |
[   32.777555] cloud-init[805]: ci-info: |   3   |   anycast   |    ::   |   enp0s3  |   U   |
[   32.777639] cloud-init[805]: ci-info: |   4   |    local    |    ::   |   enp0s3  |   U   |
[   32.777712] cloud-init[805]: ci-info: |   5   |   ff00::/8  |    ::   |   enp0s3  |   U   |
[   32.777780] cloud-init[805]: ci-info: +-------+-------------+---------+-----------+-------+
Reached target Remote File Systems.
[[0;32m  OK  [0m] Reached target System Initialization.
[[0;32m  OK  [0m] Started ACPI Events Check.
[[0;32m  OK  [0m] Started Discard unused blocks once a week.
[[0;32m  OK  [0m] Listening on Open-iSCSI iscsid Socket.
[[0;32m  OK  [0m] Started Message of the Day.
[[0;32m  OK  [0m] Started Daily Cleanup of Temporary Directories.
         Starting LXD - unix socket.
[[0;32m  OK  [0m] Started Daily apt download activities.
[[0;32m  OK  [0m] Started Daily apt upgrade and clean activities.
[[0;32m  OK  [0m] Reached target Timers.
[[0;32m  OK  [0m] Listening on ACPID Listen Socket.
[[0;32m  OK  [0m] Listening on UUID daemon activation socket.
[[0;32m  OK  [0m] Reached target Paths.
         Starting Socket activation for snappy daemon.
[[0;32m  OK  [0m] Listening on D-Bus System Message Bus Socket.
[[0;32m  OK  [0m] Started Availability of block devices.
[[0;32m  OK  [0m] Listening on LXD - unix socket.
[[0;32m  OK  [0m] Listening on Socket activation for snappy daemon.
[[0;32m  OK  [0m] Reached target Sockets.
[[0;32m  OK  [0m] Reached target Basic System.
         Starting Permit User Sessions...
[[0;32m  OK  [0m] Started Regular background program processing daemon.
         Starting Snap Daemon...
         Starting Accounts Service...
[[0;32m  OK  [0m] Started D-Bus System Message Bus.
         Starting Dispatcher daemon for systemd-networkd...
         Starting Discard unused blocks...
         Starting Login Service...
         Starting System Logging Service...
[[0;32m  OK  [0m] Started FUSE filesystem for LXC.
[[0;32m  OK  [0m] Started irqbalance daemon.
[[0;32m  OK  [0m] Started Deferred execution scheduler.
         Starting vboxadd.service...
         Starting Message of the Day...
         Starting OpenBSD Secure Shell server...
         Starting LSB: Record successful boot for GRUB...
         Starting LSB: automatic crash report generation...
[[0;32m  OK  [0m] Started strongSwan IPsec IKEv1/IKEv2 daemon using ipsec.conf.
         Starting LXD - container startup/shutdown...
[[0;32m  OK  [0m] Started System Logging Service.
[[0;32m  OK  [0m] Started Permit User Sessions.
[[0;32m  OK  [0m] Started Discard unused blocks.
[[0;32m  OK  [0m] Started OpenBSD Secure Shell server.
[[0;32m  OK  [0m] Started Login Service.
[[0;32m  OK  [0m] Started Unattended Upgrades Shutdown.
         Starting Authorization Manager...
         Starting Terminate Plymouth Boot Screen...
         Starting Hold until boot process finishes up...
[[0;32m  OK  [0m] Started Terminate Plymouth Boot Screen.
[[0;32m  OK  [0m] Started Hold until boot process finishes up.
[[0;32m  OK  [0m] Started Serial Getty on ttyS0.
         Starting Set console scheme...
[[0;32m  OK  [0m] Started LSB: automatic crash report generation.
[[0;32m  OK  [0m] Started Set console scheme.
[[0;32m  OK  [0m] Created slice system-getty.slice.
[[0;32m  OK  [0m] Started Getty on tty1.
[[0;32m  OK  [0m] Reached target Login Prompts.
[[0;32m  OK  [0m] Started Authorization Manager.
[[0;32m  OK  [0m] Started Accounts Service.
[[0;32m  OK  [0m] Started LSB: Record successful boot for GRUB.
[[0;32m  OK  [0m] Started Dispatcher daemon for systemd-networkd.
[[0;32m  OK  [0m] Started LXD - container startup/shutdown.
[[0;32m  OK  [0m] Started Snap Daemon.
         Starting Wait until snapd is fully seeded...
[[0;32m  OK  [0m] Started Message of the Day.
[[0;32m  OK  [0m] Started Wait until snapd is fully seeded.
         Starting Apply the settings specified in cloud-config...
[[0;32m  OK  [0m] Created slice User Slice of vagrant.
         Starting User Manager for UID 1000...
[[0;32m  OK  [0m] Started Session 1 of user vagrant.
[[0;32m  OK  [0m] Started User Manager for UID 1000.
[   41.305470] cloud-init[1341]: Cloud-init v. 20.3-2-g371b392c-0ubuntu1~18.04.1 running 'modules:config' at Sat, 02 Jan 2021 19:49:25 +0000. Up 40.10 seconds.

Ubuntu 18.04.5 LTS ubuntu-bionic ttyS0

ubuntu-bionic login: [   45.696191] cloud-init[1818]: Cloud-init v. 20.3-2-g371b392c-0ubuntu1~18.04.1 running 'modules:final' at Sat, 02 Jan 2021 19:49:30 +0000. Up 44.94 seconds.
[   45.697425] cloud-init[1818]: Cloud-init v. 20.3-2-g371b392c-0ubuntu1~18.04.1 finished at Sat, 02 Jan 2021 19:49:30 +0000. Datasource DataSourceNoCloud [seed=/dev/sdb][dsmode=net].  Up 45.68 seconds
